=====
Tue May  5 02:15:01 UTC 2020
50.47.138.160
inetfish.com
nochgn
ipbob.com
nochgn
=====
Tue May  5 02:30:02 UTC 2020
50.47.138.160
inetfish.com
nochgn
ipbob.com
nochgn
=====
Tue May  5 02:45:02 UTC 2020
50.47.138.160
inetfish.com
nochgn
ipbob.com
nochgn
=====
Tue May  5 03:00:01 UTC 2020
50.47.138.160
inetfish.com
nochgn
ipbob.com
nochgn
=====
Tue May  5 03:15:02 UTC 2020
50.47.138.160
inetfish.com
nochgn
ipbob.com
nochgn
=====
Tue May  5 04:00:01 UTC 2020
50.47.138.160
inetfish.com
nochgn
ipbob.com
nochgn
=====
Tue May  5 04:15:01 UTC 2020
50.47.138.160
inetfish.com
nochgn
ipbob.com
nochgn
=====
Tue May  5 04:30:02 UTC 2020
50.47.138.160
inetfish.com
nochgn
ipbob.com
nochgn
=====
Tue May  5 04:45:02 UTC 2020
50.47.138.160
inetfish.com
nochgn
ipbob.com
nochgn
=====
Tue May  5 05:00:02 UTC 2020
50.47.138.160
inetfish.com
nochgn
ipbob.com
nochgn
=====
Tue May  5 05:15:01 UTC 2020
50.47.138.160
inetfish.com
nochgn
ipbob.com
nochgn
=====
Tue May  5 05:30:02 UTC 2020
50.47.138.160
inetfish.com
nochgn
ipbob.com
nochgn
=====
Tue May  5 05:45:01 UTC 2020
50.47.138.160
inetfish.com
nochgn
ipbob.com
nochgn
=====
Tue May  5 14:15:01 UTC 2020
50.47.138.160
inetfish.com
nochgn
ipbob.com
nochgn
=====
Tue May  5 14:30:01 UTC 2020
50.47.138.160
inetfish.com
nochgn
ipbob.com
nochgn
=====
Tue May  5 14:45:02 UTC 2020
50.47.138.160
inetfish.com
nochgn
ipbob.com
nochgn
=====
Tue May  5 15:00:02 UTC 2020
50.47.138.160
inetfish.com
nochgn
ipbob.com
nochgn
=====
Tue May  5 15:15:01 UTC 2020
50.47.138.160
inetfish.com
nochgn
ipbob.com
nochgn
=====
Tue May  5 15:30:01 UTC 2020
50.47.138.160
inetfish.com
nochgn
ipbob.com
nochgn
=====
Tue May  5 16:00:02 UTC 2020
50.47.138.160
inetfish.com
nochgn
ipbob.com
nochgn
=====
Tue May  5 16:15:01 UTC 2020
50.47.138.160
inetfish.com
nochgn
ipbob.com
nochgn
=====
Tue May  5 16:30:01 UTC 2020
50.47.138.160
inetfish.com
nochgn
ipbob.com
nochgn
=====
Tue May  5 16:45:02 UTC 2020
50.47.138.160
inetfish.com
nochgn
ipbob.com
nochgn
=====
Tue May  5 17:00:01 UTC 2020
50.47.138.160
inetfish.com
nochgn
ipbob.com
nochgn
=====
Tue May  5 17:15:01 UTC 2020
50.47.138.160
inetfish.com
nochgn
ipbob.com
nochgn
=====
Tue May  5 17:30:02 UTC 2020
50.47.138.160
inetfish.com
nochgn
ipbob.com
nochgn
=====
Tue May  5 17:45:02 UTC 2020
50.47.138.160
inetfish.com
nochgn
ipbob.com
nochgn
=====
Tue May  5 18:00:01 UTC 2020
50.47.138.160
inetfish.com
nochgn
ipbob.com
nochgn
=====
Tue May  5 18:15:01 UTC 2020
50.47.138.160
inetfish.com
nochgn
ipbob.com
nochgn
=====
Tue May  5 18:30:01 UTC 2020
50.47.138.160
inetfish.com
nochgn
ipbob.com
nochgn
=====
Tue May  5 18:45:01 UTC 2020
50.47.138.160
inetfish.com
nochgn
ipbob.com
nochgn
=====
Tue May  5 19:00:01 UTC 2020
<!DOCTYPE html> <html style="height:100%"> <head> <meta name="viewport" content="width=device-width, initial-scale=1, shrink-to-fit=no" > <title> 302 Found </title></head> <body style="color: #444; margin:0;font: normal 14px/20px Arial, Helvetica, sans-serif; height:100%; background-color: #fff;"> <div style="height:auto; min-height:100%; "> <div style="text-align: center; width:800px; margin-left: -400px; position:absolute; top: 30%; left:50%;"> <h1 style="margin:0; font-size:150px; line-height:150px; font-weight:bold;">302</h1> <h2 style="margin-top:20px;font-size: 30px;">Found </h2> <p>The document has been temporarily moved.</p> </div></div></body></html>
inetfish.com
n
ipbob.com
n
=====
Tue May  5 19:15:01 UTC 2020
50.47.138.160
inetfish.com
nochgn
ipbob.com
nochgn
=====
Tue May  5 19:30:02 UTC 2020
50.47.138.160
inetfish.com
nochgn
ipbob.com
nochgn
=====
Tue May  5 19:45:01 UTC 2020
50.47.138.160
inetfish.com
nochgn
ipbob.com
nochgn
=====
Tue May  5 20:00:01 UTC 2020
50.47.138.160
inetfish.com
nochgn
ipbob.com
nochgn
=====
Tue May  5 20:30:01 UTC 2020
50.47.138.160
inetfish.com
nochgn
ipbob.com
nochgn
=====
Tue May  5 20:45:01 UTC 2020
50.47.138.160
inetfish.com
nochgn
ipbob.com
nochgn
=====
Tue May  5 21:00:01 UTC 2020

inetfish.com
n
ipbob.com
n
=====
Tue May  5 21:15:02 UTC 2020
50.47.138.160
inetfish.com
nochgn
ipbob.com
nochgn
=====
Tue May  5 21:30:01 UTC 2020
50.47.138.160
inetfish.com
nochgn
ipbob.com
nochgn
=====
Tue May  5 21:45:01 UTC 2020
50.47.138.160
inetfish.com
nochgn
ipbob.com
nochgn
=====
Tue May  5 22:00:02 UTC 2020
50.47.138.160
inetfish.com
nochgn
ipbob.com
nochgn
=====
Tue May  5 22:15:02 UTC 2020
50.47.138.160
inetfish.com
nochgn
ipbob.com
nochgn
=====
Tue May  5 22:30:01 UTC 2020
50.47.138.160
inetfish.com
nochgn
ipbob.com
nochgn
=====
Tue May  5 22:45:01 UTC 2020
50.47.138.160
inetfish.com
nochgn
ipbob.com
nochgn
=====
Tue May  5 23:00:01 UTC 2020
50.47.138.160
inetfish.com
nochgn
ipbob.com
nochgn
=====
Tue May  5 23:15:02 UTC 2020
50.47.138.160
inetfish.com
nochgn
ipbob.com
nochgn
=====
Tue May  5 23:30:01 UTC 2020
50.47.138.160
inetfish.com
nochgn
ipbob.com
nochgn
=====
Tue May  5 23:45:01 UTC 2020
50.47.138.160
inetfish.com
nochgn
ipbob.com
nochgn
=====
Wed May  6 00:00:01 UTC 2020
50.47.138.160
inetfish.com
nochgn
ipbob.com
nochgn
=====
Wed May  6 00:15:01 UTC 2020
50.47.138.160
inetfish.com
nochgn
ipbob.com
nochgn
=====
Wed May  6 00:30:01 UTC 2020
50.47.138.160
inetfish.com
nochgn
ipbob.com
nochgn
=====
Wed May  6 00:45:01 UTC 2020
50.47.138.160
inetfish.com
nochgn
ipbob.com
nochgn
=====
Wed May  6 01:00:01 UTC 2020
50.47.138.160
inetfish.com
nochgn
ipbob.com
nochgn
=====
Wed May  6 01:15:01 UTC 2020
50.47.138.160
inetfish.com
nochgn
ipbob.com
nochgn
=====
Wed May  6 01:30:01 UTC 2020
50.47.138.160
inetfish.com
nochgn
ipbob.com
nochgn
=====
Wed May  6 01:45:01 UTC 2020
50.47.138.160
inetfish.com
nochgn
ipbob.com
nochgn
=====
Wed May  6 02:00:01 UTC 2020
50.47.138.160
inetfish.com
nochgn
ipbob.com
nochgn
=====
Wed May  6 02:15:01 UTC 2020
50.47.138.160
inetfish.com
nochgn
ipbob.com
nochgn
=====
Wed May  6 02:30:01 UTC 2020
50.47.138.160
inetfish.com
nochgn
ipbob.com
nochgn
=====
Wed May  6 03:30:02 UTC 2020
50.47.138.160
inetfish.com
nochgn
ipbob.com
nochgn
=====
Wed May  6 03:45:01 UTC 2020
50.47.138.160
inetfish.com
nochgn
ipbob.com
nochgn
=====
Wed May  6 04:00:01 UTC 2020
50.47.138.160
inetfish.com
nochgn
ipbob.com
nochgn
=====
Wed May  6 04:15:01 UTC 2020
50.47.138.160
inetfish.com
nochgn
ipbob.com
nochgn
=====
Wed May  6 04:30:02 UTC 2020
50.47.138.160
inetfish.com
nochgn
ipbob.com
nochgn
